[35m[Appium][39m Welcome to Appium v1.22.2
[35m[Appium][39m Non-default server args:
[35m[Appium][39m   port: 55104
[35m[Appium][39m   loglevel: info
[35m[Appium][39m   tmpDir: C:\Users\HO6751~1.HEN\AppData\Local\Temp\\Katalon\Appium\Temp1708482521917
[35m[Appium][39m Appium REST http interface listener started on 0.0.0.0:55104
[35m[HTTP][39m [37m-->[39m [37mGET[39m [37m/wd/hub/status[39m
[35m[HTTP][39m [90m{}[39m
[35m[HTTP][39m [37m<-- GET /wd/hub/status [39m[32m200[39m [90m4 ms - 68[39m
[35m[HTTP][39m [90m[39m
[35m[HTTP][39m [37m-->[39m [37mGET[39m [37m/wd/hub/status[39m
[35m[HTTP][39m [90m{}[39m
[35m[HTTP][39m [37m<-- GET /wd/hub/status [39m[32m200[39m [90m1 ms - 68[39m
[35m[HTTP][39m [90m[39m
[35m[HTTP][39m [37m-->[39m [37mPOST[39m [37m/wd/hub/session[39m
[35m[HTTP][39m [90m{"desiredCapabilities":{"app":"C:\\Users\\ho.hendy\\Downloads\\Feb16 JMO3 6.1.1.7 Dev.apk","noReset":true,"newCommandTimeout":1800,"platformVersion":"11","automationName":"uiautomator2","autoGrantPermissions":true,"platformName":"Android","udid":"1dd50d96","deviceName":"realme RMX2061 (Android 11)","fullReset":false,"systemPort":55121},"capabilities":{"firstMatch":[{"appium:app":"C:\\Users\\ho.hendy\\Downloads\\Feb16 JMO3 6.1.1.7 Dev.apk","appium:autoGrantPermissions":true,"appium:automationName":"uiautomator2","appium:deviceName":"realme RMX2061 (Android 11)","appium:fullReset":false,"appium:newCommandTimeout":1800,"appium:noReset":true,"platformName":"android","appium:platformVersion":"11","appium:systemPort":55121,"appium:udid":"1dd50d96"}]}}[39m
[35m[Appium][39m Appium v1.22.2 creating new AndroidUiautomator2Driver (v1.70.1) session
[35m[BaseDriver][39m Session created with session id: 0f03aa2e-118e-43a7-bcd4-c049bf7f913a
[35m[BaseDriver][39m Using local app 'C:\Users\ho.hendy\Downloads\Feb16 JMO3 6.1.1.7 Dev.apk'
[35m[ADB][39m Found 1 'build-tools' folders under 'C:\Users\ho.hendy\.katalon\tools\android_sdk' (newest first):
[35m[ADB][39m     C:/Users/ho.hendy/.katalon/tools/android_sdk/build-tools/29.0.3
[35m[ADB][39m Using 'adb.exe' from 'C:\Users\ho.hendy\.katalon\tools\android_sdk\platform-tools\adb.exe'
[35m[AndroidDriver][39m Retrieving device list
[35m[AndroidDriver][39m Using device: 1dd50d96
[35m[ADB][39m Using 'adb.exe' from 'C:\Users\ho.hendy\.katalon\tools\android_sdk\platform-tools\adb.exe'
[35m[ADB][39m Getting device platform version
[35m[UiAutomator2][39m Relaxing hidden api policy
[35m[UiAutomator2][39m Unable to remove system port forward: Error executing adbExec. Original error: 'Command 'C:\\Users\\ho.hendy\\.katalon\\tools\\android_sdk\\platform-tools\\adb.exe -P 5037 -s 1dd50d96 forward --remove tcp\:55121' exited with code 1'; Command output: adb.exe: error: listener 'tcp:55121' not found
[35m[UiAutomator2][39m 
[35m[UiAutomator2][39m Restoring hidden api policy to the device default configuration
[35m[HTTP][39m [37m<-- POST /wd/hub/session [39m[31m500[39m [90m1324 ms - 10373[39m
[35m[HTTP][39m [90m[39m
